agg_error per_agent_error
0 6.969786434749669 6.91806554540849
1 6.780195941929183 6.680897500470966
2 6.597501932215817 6.454229995169518
3 6.421398000112006 6.237315580143251
4 6.251597406863551 6.029504894982386
5 6.087831176785053 5.830229029701039
6 5.929846427691507 5.638985356619932
7 5.777404903901768 5.45532613243371
8 5.630281684681461 5.278849313099289
9 5.488264044764328 5.109191137667631
10 5.351150446825363 4.946020127372095
11 5.218749648555022 4.7890322179964
12 5.09087990936812 4.637946800587739
13 4.967368283830437 4.4925034909775325
14 4.848049990648564 4.352459484718863
15 4.73276784758526 4.217587382845158
16 4.621371763968508 4.0876733968061245
17 4.513718283587281 3.96251585923981
18 4.409670171736465 3.841923981843662
19 4.309096041009134 3.7257168132663625
20 4.211870011155122 3.6137223592554752
21 4.117871398946793 3.5057768347397307
22 4.026984434529604 3.401724023478054
23 3.939098001198495 3.3014147256715805
24 3.8541053959413647 3.204706277749963
25 3.7719041084366784 3.1114621316003124
26 3.6923956164911047 3.0215514829584995
27 3.6154851961614436 2.93484894064962
28 3.5410817450285754 2.851234229944192
29 3.4690976172844836 2.770591924566189
30 3.399448469460775 2.6928112029103337
31 3.332053115772011 2.6177856248481675
32 3.26683339217273 2.5454129261650027
33 3.203714028335868 2.4755948282042786
34 3.1426225268546726 2.408236860727401
35 3.083489049052131 2.343248196346044
36 3.026246306853066 2.2805414951663234
37 2.970829460235917 2.2200327585131854
38 2.9171760198349705 2.1616411907892235
39 2.8652257543106883 2.105289068673265
40 2.814920602146567 2.0509016169872423
41 2.7662045875665906 1.998406890660376
42 2.7190237402984603 1.9477356623019961
43 2.6733260189350156 1.8988213149618218
44 2.6290612376700855 1.8515997397120854
45 2.58618099620597 1.8060092377317254
46 2.544638612648125 1.761990426610911
47 2.5043890592188496 1.7194861506257206
48 2.465388900636044 1.6784413947592762
49 2.4275962350157863 1.6388032022677765
50 2.3909706371686674 1.60052059560863
51 2.355473104169772 1.563544500563797
52 2.3210660030911 1.5278276734050418
53 2.2877130207931233 1.493324630959514
54 2.255379115679288 1.459991583444188
55 2.2240304713236334 1.4277863699465678
56 2.1936344518874846 1.3966683964368245
57 2.164159559246329 1.3665985762034227
58 2.1355753917527323 1.3375392726104536
59 2.1078526045654233 1.3094542440804091
60 2.0809628714785857 1.2823085912111334
61 2.054878848188985 1.2560687059402567
62 2.029574136941843 1.2307022226745818
63 2.0050232524993956 1.2061779713057617
64 1.98120158937888 1.182465932037179
65 1.9580853903092914 1.15953719195026
66 1.9356517158586364 1.1373639032415856
67 1.9138784151856918 1.115919243065083
68 1.8927440978723555 1.0951773749163436
69 1.8722281067946338 1.0751134114987244
70 1.8523104919921796 1.0557033790133605
71 1.8329719854980087 1.036924182817575
72 1.8141939770916693 1.0187535743984
73 1.7959584909406872 1.0011701196100637
74 1.7782481630965605 0.9841531681263332
75 1.761046219812977 0.9676828240605521
76 1.744336456655236 0.9517399177080682
77 1.7281032183711054 0.9363059783675451
78 1.7123313794945454 0.921363208199346
79 1.6970063256548438 0.9068944570808305
80 1.6821139355648167 0.8928831984199712
81 1.6676405636627358 0.8793135058902113
82 1.6535730233836463 0.8661700310509305
83 1.6398985710366754 0.8534379818192829
84 1.6266048902658348 0.8411031017604971
85 1.6136800770726905 0.8291516501650347
86 1.601112625380088 0.8175703828822052
87 1.5888914131169367 0.8063465338810543
88 1.5770056888047952 0.7954677975104534
89 1.5654450586277449 0.7849223114314335
90 1.5541994739677265 0.7746986401958424
91 1.5432592193882173 0.764785759446427
92 1.532614901049723 0.7551730407144042
93 1.5222574355412293 0.7458502367915203
94 1.5121780391123192 0.7368074676545027
95 1.5023682172912625 0.7280352069206516
96 1.4928197548749016 0.7195242688141685
97 1.4835247062767278 0.7112657956235944
98 1.4744753862200128 0.7032512456315112
99 1.465664360763374 0.6954723814983834
100 1.457084438646625 0.6879212590831226
101 1.448728662945187 0.6805902166836497
102 1.4405903030218112 0.6734718646813564
103 1.4326628467647504 0.6665590755740189
104 1.4249399931019386 0.6598449743823003
105 1.4174156447811208 0.6533229294155627
106 1.4100839014062407 0.646986543383266
107 1.4029390527207681 0.6408296448387605
108 1.395975572128981 0.634846279942794
109 1.3891881104465524 0.629030704534547
110 1.3825714898721209 0.6233773764984782
111 1.3761206981718146 0.6178809484157278
112 1.3698308830690151 0.6125362604892447
113 1.3636973468319165 0.60733833373224
114 1.3577155410517177 0.6022823634099634
115 1.35188106160455 0.5973637127251861
116 1.3461896437904954 0.5925779067381463
117 1.3406371576432894 0.5879206265120756
118 1.3352196034045556 0.5833877034757586
119 1.3299331071566272 0.5789751139949132
120 1.324773916608234 0.5746789741444994
121 1.3197383970275571 0.5704955346743563
122 1.3148230273173365 0.5664211761608773
123 1.3100243962269218 0.5624524043376943
124 1.3053391986963492 0.5585858455986316
125 1.3007642323276907 0.5548182426664323
126 1.2962963939791228 0.5511464504210215
127 1.2919326764772956 0.5475674318813025
128 1.2876701654437768 0.5440782543347192
129 1.2835060362314799 0.5406760856090288
130 1.2794375509671367 0.5373581904809552
131 1.2754620556960368 0.5341219272165837
132 1.2715769776253643 0.5309647442385642
133 1.2677798224626242 0.5278841769153747
134 1.2640681718457656 0.5248778444680757
135 1.2604396808617266 0.5219434469901676
136 1.2568920756502688 0.5190787625763198
137 1.253423151090048 0.5162816445559147
138 1.250030768564018 0.5135500188274916
139 1.2467128538013317 0.5108818812903314
140 1.2434673947930475 0.5082752953695664
141 1.2402924397790034 0.5057283896313308
142 1.23718609530335 0.5032393554846087
143 1.2341465243363183 0.5008064449665534
144 1.2311719444598652 0.4984279686081819
145 1.22826062611496 0.49610229337746187
146 1.2254108909083201 0.49382784069692115
147 1.222621109976513 0.4916030845330207
148 1.2198897024053998 0.48942654955463394
149 1.217215133702972 0.4872968093580746
150 1.214595914323706 0.4852124847562184
151 1.2120305982426327 0.4831722421293452
152 1.209517781577367 0.4811747918354288
153 1.2070561012564303 0.47921888667768187
154 1.2046442337322305 0.47730332042724066
155 1.202280893737154 0.47542692639896944
156 1.199964833081253 0.47358857607841975
157 1.1976948394900762 0.4717871777980722
158 1.1954697354812565 0.4700216754610447
159 1.1932883772784881 0.4682910473105274
160 1.1911496537616078 0.46659430474326813
161 1.1890524854515152 0.4649304911654914
162 1.1869958235287328 0.46329868088969595
163 1.1849786488844318 0.4616979780708414
164 1.1829999712028019 0.46012751568047444
165 1.1810588280736831 0.4585864545174149
166 1.179154284134413 0.45707398225366525
167 1.1772854302398768 0.45558931251425544
168 1.1754513826598003 0.45413168398979203
169 1.1736512823023282 0.452700359580512
170 1.1718842939630074 0.4512946255707024
171 1.170149605598282 0.44991379083237704
172 1.1684464276226736 0.4485571860571451
173 1.1667739922288256 0.4472241630152544
174 1.1651315527296384 0.44591409384081626
175 1.1635183829217297 0.44462637034226504
176 1.1619337764695035 0.4433604033371394
177 1.1603770463091159 0.4421156220103045
178 1.1588475240716665 0.4408914732947622
179 1.1573445595249567 0.43968742127424115
180 1.1558675200331912 0.43850294660677225
181 1.154415790034003 0.43733754596849606
182 1.1529887705322333 0.43619073151697146
183 1.1515858786098756 0.43506203037328334
184 1.1502065469516618 0.4339509841222704
185 1.1488502233857472 0.4328571483302245
186 1.1475163704389892 0.43178009207942925
187 1.1462044649063345 0.4307193975189359
188 1.144913997433835 0.42967465943099314
189 1.143644472114833 0.42864548481256765
190 1.1423954060988857 0.42763149247141713
191 1.1411663292129914 0.42663231263619095
192 1.1399567835947118 0.4256475865800626
193 1.1387663233367913 0.42467696625740187
194 1.1375945141428991 0.42372011395302805
195 1.1364409329941068 0.42277670194359196
196 1.1353051678257633 0.4218464121706534
197 1.1341868172144158 0.42092893592503866
198 1.1330854900744363 0.420023973542078
199 1.1320008053640451 0.4191312341073309
200 1.1309323918004175 0.41825043517243105
201 1.1298798875835687 0.41738130248069016
202 1.1288429401287365 0.416523569702114
203 1.1278212058069765 0.41567697817749505
204 1.1268143496937064 0.41484127667126464
205 1.1258220453249321 0.41401622113279046
206 1.1248439744609091 0.41320157446582156
207 1.123879826857002 0.4123971063057945
208 1.1229293000414924 0.4116025928047221
209 1.1219920991001242 0.4108178164233953
210 1.1210679364671647 0.4100425657306449
211 1.1201565317227602 0.4092766352094097
212 1.119257611396398 0.40851982506937456
213 1.1183709087762632 0.40777194106594683
214 1.1174961637243135 0.4070327943253475
215 1.1166331224968755 0.4063022011756038
216 1.1157815375705946 0.4055799829832354
217 1.1149411674735639 0.4048659659954357
218 1.1141117766214628 0.4041599811875547
219 1.1132931351585516 0.4034618641156988
220 1.1124850188033646 0.40277145477426957
221 1.1116872086989475 0.40208859745826675
222 1.1108994912675025 0.4014131406301933
223 1.1101216580692985 0.40074493679139667
224 1.1093535056657073 0.4000838423576978
225 1.108594835486244 0.3994297175391549
226 1.1078454536994748 0.39878242622381965
227 1.107105171087681 0.39814183586534757
228 1.1063738029251529 0.39750781737432833
229 1.1056511688600068 0.3968802450132063
230 1.1049370927994082 0.39625899629467226
231 1.1042314027980993 0.3956439518833975
232 1.103533930950128 0.39503499550100296
233 1.1028445132836775 0.39443201383414817
234 1.1021629896588978 0.39383489644563274
235 1.1014892036686514 0.3932435356884072
236 1.1008230025420802 0.3926578266223925
237 1.100164237050907 0.3920776669340148
238 1.0995127614183866 0.3915029568583557
239 1.0988684332308276 0.39093359910383646
240 1.0982311133516012 0.3903694987793439
241 1.097600665837569 0.3898105633237161
242 1.0969769578578485 0.3892567024375072
243 1.0963598596148483 0.388707828016955
244 1.0957492442675036 0.3881638540900735
245 1.0951449878566464 0.3876246967548008
246 1.0945469692324428 0.3870902741191315
247 1.0939550699838416 0.3865605062431644
248 1.0933691743699614 0.38603531508300426
249 1.0927891692533747 0.3855146244364519
250 1.0922149440352154 0.3849983598904229
251 1.0916463905920684 0.38448644877003707
252 1.091083403214579 0.3839788200893218
253 1.090525878547737 0.38347540450347517
254 1.0899737155327807 0.38297613426263527
255 1.0894268153506774 0.3824809431671088
256 1.0888850813671311 0.3819897665240024
257 1.0883484190790722 0.38150254110521914
258 1.0878167360625874 0.381019205106768
259 1.0872899419222457 0.3805396981093433
260 1.0867679482417807 0.380063961040134
261 1.0862506685360886 0.3795919361358201
262 1.0857380182045044 0.3791235669067168
263 1.085229914485319 0.3786587981020285
264 1.0847262764115007 0.37819757567617646
265 1.0842270247675878 0.37773984675616235
266 1.0837320820477125 0.37728555960993737
267 1.0832413724147376 0.37683466361573714
268 1.0827548216604512 0.37638710923235935
269 1.082272357166817 0.3759428479703455
270 1.0817939078682226 0.37550183236403845
271 1.0813194042147198 0.37506401594449357
272 1.0808487781362135 0.3746293532132033
273 1.0803819630075784 0.3741977996166214
274 1.0799188936146789 0.3737693115214511
275 1.0794595061212635 0.3733438461906781
276 1.0790037380367068 0.37292136176031987
277 1.0785515281845823 0.37250181721687153
278 1.0781028166720388 0.3720851723754234
279 1.0776575448599528 0.37167138785843057
280 1.0772156553338477 0.3712604250751095
281 1.0767770918755437 0.37085224620144486
282 1.0763417994355304 0.3704468141607877
283 1.0759097241060356 0.37004409260502186
284 1.0754808130947728 0.3696440458962831
285 1.0750550146993467 0.3692466390892133
286 1.0746322782823021 0.3688518379137319
287 1.0742125542467977 0.36845960875830797
288 1.0737957940128837 0.36806991865371586
289 1.0733819499943724 0.36768273525726375
290 1.072970975576281 0.3672980268374717
291 1.0725628250928374 0.36691576225919476
292 1.072157453806022 0.36653591096916727
293 1.0717548178846443 0.3661584429819644
294 1.0713548743839354 0.36578332886636
295 1.070957581225633 0.3654105397320727
296 1.070562897178562 0.3650400472168871
297 1.0701707818396864 0.3646718234741366
298 1.0697811956156218 0.3643058411605402
299 1.0693940997045988 0.36394207342437823
300 1.069009456078861 0.3635804938939988
301 1.0686272274674937 0.36322107666664394
302 1.0682473773396626 0.3628637962975863
303 1.0678698698882574 0.36250862778956483
304 1.0674946700139296 0.3621555465825128
305 1.0671217433095124 0.36180452854356776
306 1.0667510560448101 0.3614555499573535
307 1.0663825751517588 0.3611085875165291
308 1.0660162682099286 0.36076361831259285
309 1.0656521034323811 0.3604206198269366
310 1.0652900496518563 0.36007956992214096
311 1.0649300763072873 0.3597404468335049
312 1.0645721534306334 0.3594032291608016
313 1.064216251634025 0.3590678958602555
314 1.063862342097208 0.35873442623673185
315 1.063510396555283 0.358402799936134
316 1.0631603872867348 0.358072996938001
317 1.0628122871017354 0.35774499754830086
318 1.0624660693307262 0.35741878239241076
319 1.0621217078132603 0.35709433240828375
320 1.061779176887107 0.3567716288397904
321 1.0614384513776072 0.35645065323023495
322 1.0610995065872737 0.35613138741603734
323 1.060762318285637 0.35581381352058017
324 1.0604268626993145 0.3554979139482106
325 1.0600931165023184 0.35518367137839746
326 1.0597610568065805 0.35487106876003627
327 1.0594306611526918 0.3545600893058991
328 1.0591019075008594 0.3542507164872234
329 1.0587747742220641 0.3539429340284378
330 1.0584492400894234 0.35363672590201983
331 1.0581252842697464 0.35333207632348274
332 1.0578028863152815 0.35302896974648434
333 1.057482026155656 0.3527273908580606
334 1.0571626840899846 0.35242732457397324
335 1.0568448407791722 0.35212875603417443
336 1.0565284772383767 0.35183167059837994
337 1.0562135748296473 0.3515360538417522
338 1.0559001152547252 0.3512418915506871
339 1.0555880805480071 0.35094916971870216
340 1.055277453069664 0.35065787454242464
341 1.054968215498916 0.3503679924176758
342 1.054660350827452 0.3500795099356469
343 1.0543538423530001 0.3497924138791688
344 1.0540486736730392 0.3495066912190679
345 1.0537448286786473 0.34922232911060824
346 1.0534422915484898 0.3489393148900176
347 1.053141046742935 0.3486576360710957
348 1.052841078998305 0.3483772803418991
349 1.0525423733212498 0.3480982355615045
350 1.0522449149832425 0.34782048975684743
351 1.0519486895152006 0.34754403111963217
352 1.0516536827022194 0.3472688480033125
353 1.0513598805784257 0.34699492892014305
354 1.0510672694219367 0.3467222625382952
355 1.0507758357499366 0.3464508376790406
356 1.0504855663138533 0.34618064331399584
357 1.0501964480946437 0.3459116685624307
358 1.0499084682981794 0.34564390268863565
359 1.0496216143507322 0.3453773350993479
360 1.0493358738945582 0.3451119553412353
361 1.049051234783576 0.34484775309843385
362 1.0487676850791385 0.3445847181901417
363 1.0484852130458922 0.3443228405682637
364 1.0482038071477326 0.3440621103151085
365 1.0479234560438386 0.34380251764113484
366 1.047644148584797 0.34354405288274753
367 1.047365873808805 0.3432867065001388
368 1.0470886209379604 0.343030469075179
369 1.0468123793746218 0.34277533130934834
370 1.0465371386978557 0.34252128402171667
371 1.0462628886599508 0.3422683181469624
372 1.0459896191830118 0.3420164247334353
373 1.0457173203556231 0.3417655949412598
374 1.0454459824295823 0.3415158200404762
375 1.0451755958167044 0.341267091409223
376 1.0449061510856925 0.3410194005319539
377 1.044637638959074 0.3407727389976951
378 1.0443700503102011 0.3405270984983353
379 1.0441033761603158 0.3402824708269514
380 1.0438376076756752 0.34003884787617056
381 1.043572736164737 0.33979622163656154
382 1.0433087530754035 0.3395545841950619
383 1.0430456499923244 0.33931392773343516
384 1.0427834186342546 0.3390742445267594
385 1.0425220508514683 0.33883552694194496
386 1.042261538623226 0.338597767436284
387 1.0420018740552923 0.33836095855602577
388 1.0417430493775097 0.3381250929349817
389 1.0414850569414198 0.337890163293158
390 1.0412278892179327 0.33765616243541435
391 1.040971538795046 0.33742308325014814
392 1.0407159983756125 0.33719091870800527
393 1.0404612607751516 0.336959661860616
394 1.0402073189197043 0.336729305839353
395 1.0399541658437372 0.3364998438541168
396 1.0397017946880858 0.3362712691921408
397 1.03945019869794 0.33604357521682054
398 1.0391993712208745 0.33581675536656563
399 1.0389493057049128 0.3355908031536723
400 1.0386999956966392 0.3353657121632178
401 1.0384514348393419 0.3351414760519751
402 1.0382036168711983 0.3349180885473474
403 1.0379565356234977 0.33469554344632396
404 1.0377101850188934 0.334473834614453
405 1.037464559069702 0.3342529559848352
406 1.0372196518762276 0.33403290155713505
407 1.0369754576251209 0.33381366539661034
408 1.0367319705877778 0.3335952416331587
409 1.0364891851187643 0.3333776244603826
410 1.036247095654276 0.33316080813467075
411 1.0360056967106255 0.3329447869742943
412 1.0357649828827675 0.3327295553585231
413 1.035524948842845 0.3325151077267535
414 1.03528558933877 0.3323014385776543
415 1.0350468991928314 0.3320885424683271
416 1.034808873300331 0.3318764140134809
417 1.0345715066282464 0.33166504788462287
418 1.0343347942139212 0.3314544388092606
419 1.034098731163782 0.3312445815701216
420 1.033863312652078 0.3310354710043827
421 1.0336285339196507 0.3308271020029161
422 1.033394390272724 0.33061946950954674
423 1.0331608770817213 0.33041256852032225
424 1.0329279897801025 0.33020639408279634
425 1.0326957238632284 0.3300009412953234
426 1.0324640748872451 0.32979620530636666
427 1.0322330384679907 0.32959218131381596
428 1.0320026102799247 0.3293888645643187
429 1.031772786055078 0.3291862503526217
430 1.0315435615820232 0.3289843340209233
431 1.0313149327048656 0.3287831109582377
432 1.0310868953222556 0.3285825765997682
433 1.0308594453864177 0.32838272642629185
434 1.0306325789022008 0.3281835559635553
435 1.0304062919261465 0.3279850607816778
436 1.030180580565576 0.32778723649456626
437 1.0299554409776945 0.32759007875934015
438 1.0297308693687135 0.32739358327576357
439 1.0295068619929901 0.3271977457856888
440 1.029283415152184 0.32700256207250733
441 1.0290605251944278 0.3268080279606112
442 1.0288381885135203 0.3266141393148612
443 1.0286164015481263 0.3264208920400653
444 1.0283951607810016 0.32622828208046434
445 1.0281744627382243 0.3260363054192269
446 1.0279543039884484 0.32584495807795066
447 1.0277346811421668 0.3256542361161734
448 1.0275155908509912 0.3254641356308901
449 1.0272970298069444 0.3252746527560797
450 1.0270789947417698 0.32508578366223645
451 1.026861482426249 0.32489752455591175
452 1.0266444896695357 0.3247098716792599
453 1.0264280133185029 0.32452282130959376
454 1.0262120502571028 0.3243363697589459
455 1.0259965974057341 0.3241505133736362
456 1.025781651720632 0.32396524853384656
457 1.0255672101932563 0.32378057165320356
458 1.0253532698497037 0.323596479178364
459 1.025139827750123 0.32341296758861043
460 1.024926880988147 0.3232300333954505
461 1.0247144266903316 0.32304767314222416
462 1.0245024620156058 0.3228658834037142
463 1.024290984154736 0.322684660785766
464 1.024079990329795 0.3225040019249093
465 1.0238694777936477 0.32232390348798984
466 1.0236594438294384 0.3221443621718023
467 1.0234498857500958 0.3219653747027317
468 1.0232408008978435 0.3217869378363983
469 1.0230321866437184 0.3216090483573098
470 1.0228240403871032 0.32143170307851565
471 1.0226163595552609 0.3212548988412696
472 1.0224091416028853 0.3210786325146954
473 1.022202384011656 0.3209029009954573
474 1.0219960842898002 0.3207277012074362
475 1.0217902399716683 0.3205530301014101
476 1.0215848486173107 0.32037888465473957
477 1.02137990781207 0.32020526187105686
478 1.0211754151661725 0.3200321587799599
479 1.020971368314337 0.31985957243671176
480 1.0207677649153815 0.31968749992194295
481 1.0205646026518427 0.3195159383413584
482 1.020361879229603 0.3193448848254486
483 1.0201595923775213 0.3191743365292063
484 1.0199577398470732 0.31900429063184393
485 1.019756319411996 0.31883474433651887
486 1.0195553288679438 0.31866569487005936
487 1.0193547660321434 0.3184971394826967
488 1.0191546287430624 0.3183290754477995
489 1.0189549148600792 0.3181615000616126
490 1.018755622263163 0.31799441064299894
491 1.018556748852554 0.31782780453318643
492 1.0183582925484571 0.3176616790955159
493 1.0181602512907335 0.31749603171519514
494 1.0179626230386054 0.31733085979905457
495 1.0177654057703582 0.31716616077530724
496 1.0175685974830568 0.31700193209331123
497 1.01737219619226 0.3168381712233366
498 1.0171761999317435 0.31667487565633334
499 1.0169806067532274 0.31651204290370594
500 1.016785414726109 0.31634967049708734
501 1.0165906219372 0.31618775598811816
502 1.0163962264904687 0.31602629694822837
503 1.016202226506786 0.31586529096842164
504 1.0160086201236787 0.31570473565906326
505 1.0158154054950848 0.3155446286496699
506 1.015622580791112 0.31538496758870316
507 1.0154301441978055 0.3152257501433656
508 1.0152380939169159 0.3150669739993986
509 1.0150464281656708 0.31490863686088455
510 1.0148551451765544 0.31475073645005025
511 1.0146642431970885 0.31459327050707375
512 1.0144737204896166 0.3144362367898928
513 1.0142835753310944 0.3142796330740175
514 1.014093806012881 0.31412345715234324
515 1.0139044108405375 0.3139677068349679
516 1.0137153881336272 0.31381237994901034
517 1.013526736225517 0.3136574743384319
518 1.0133384534631882 0.31350298786385994
519 1.0131505382070443 0.31334891840241386
520 1.0129629888307274 0.3131952638475321
521 1.0127758037209347 0.3130420221088045
522 1.0125889812772384 0.3128891911118029
523 1.0124025199119129 0.31273676879791656
524 1.012216418049757 0.3125847531241891
525 1.0120306741279277 0.3124331420631573
526 1.0118452865957714 0.3122819336026915
527 1.0116602539146613 0.3121311257458392
528 1.011475574557835 0.3119807165106697
529 1.0112912470102366 0.31183070393012063
530 1.0111072697683625 0.31168108605184763
531 1.0109236413401064 0.3115318609380741
532 1.0107403602446101 0.3113830266654448
533 1.0105574250121174 0.31123458132487947
534 1.0103748341838268 0.31108652302142925
535 1.0101925863117507 0.31093884987413534
536 1.010010679958575 0.3107915600158879
537 1.0098291136975215 0.31064465159328886
538 1.0096478861122127 0.3104981227665135
539 1.0094669957965396 0.3103519717091775
540 1.0092864413545302 0.3102061966082015
541 1.009106221400222 0.310060795663681
542 1.0089263345575348 0.30991576708875557
543 1.0087467794601492 0.30977110910948
544 1.008567554751382 0.30962681996469843
545 1.0083886590840672 0.30948289790591793
546 1.008210091120441 0.3093393411971851
547 1.0080318495320206 0.3091961481149639
548 1.007853932999496 0.309053316948014
549 1.0076763402126154 0.3089108459972727
550 1.0074990698700756 0.3087687335757355
551 1.0073221206794145 0.3086269780083407
552 1.0071454913569036 0.3084855776318536
553 1.0069691806274443 0.30834453079475277
554 1.006793187224467 0.30820383585711797
555 1.0066175098898262 0.3080634911905192
556 1.0064421473737046 0.30792349517790574
557 1.0062670984345141 0.3077838462134998
558 1.006092361838798 0.3076445427026875
559 1.0059179363611412 0.30750558306191345
560 1.0057438207840717 0.3073669657185771
561 1.0055700138979737 0.30722868911092777
562 1.0053965145009953 0.30709075168796396
563 1.0052233213989608 0.3069531519093311
564 1.0050504334052832 0.3068158882452225
565 1.0048778493408796 0.3066789591762804
566 1.0047055680340875 0.30654236319349853
567 1.0045335883205793 0.3064060987981261
568 1.0043619090432845 0.3062701645015717
569 1.0041905290523068 0.30613455882531004
570 1.0040194472048465 0.30599928030078827
571 1.0038486623651228 0.3058643274693343
572 1.0036781734042979 0.30572969888206597
573 1.0035079792004005 0.305595393099801
574 1.003338078638254 0.30546140869296756
575 1.0031684706094015 0.3053277442415179
576 1.0029991540120367 0.30519439833483986
577 1.0028301277509304 0.3050613695716723
578 1.0026613907373656 0.304928656560019
579 1.0024929418890633 0.3047962579170663
580 1.0023247801301223 0.3046641722690986
581 1.0021569043909473 0.30453239825141715
582 1.0019893136081863 0.30440093450825906
583 1.0018220067246668 0.3042697796927164
584 1.0016549826893322 0.3041389324666577
585 1.0014882404571799 0.30400839150064873
586 1.0013217789891997 0.30387815547387576
587 1.0011555972523143 0.30374822307406846
588 1.0009896942193206 0.303618592997424
589 1.000824068868829 0.3034892639485324
590 1.0006587201852077 0.30336023464030226
591 1.000493647158528 0.30323150379388697
592 1.0003288487845041 0.30310307013861304
593 1.000164324064442 0.30297493241190787
594 1.000000072005183 0.3028470893592283
595 0.9998360916190531 0.302719539733992
596 0.9996723819238078 0.30259228229750657
597 0.9995089419425817 0.30246531581890124
598 0.9993457707038392 0.30233863907505976
599 0.999182867241321 0.3022122508505523
600 0.9990202305939974 0.3020861499375696
601 0.9988578598060187 0.301960335135857
602 0.9986957539266667 0.30183480525264966
603 0.9985339120103092 0.3017095591026083
604 0.9983723331163513 0.3015845955077552
605 0.9982110163091918 0.3014599132974114
606 0.9980499606581756 0.30133551130813546
607 0.9978891652375516 0.3012113883836603
608 0.9977286291264258 0.3010875433748333
609 0.9975683514087217 0.3009639751395556
610 0.9974083311731341 0.3008406825427231
611 0.9972485675130905 0.3007176644561666
612 0.9970890595267063 0.3005949197585941
613 0.9969298063167457 0.30047244733553274
614 0.9967708069905818 0.3003502460792718
615 0.9966120606601561 0.3002283148888059
616 0.9964535664419396 0.30010665266977976
617 0.9962953234568932 0.2999852583344317
618 0.9961373308304327 0.2998641308015401
619 0.995979587692386 0.2997432689963682
620 0.9958220931769621 0.2996226718506109
621 0.9956648464227098 0.2995023383023419
622 0.9955078465724843 0.29938226729596107
623 0.995351092773411 0.2992624577821414
624 0.995194584176849 0.2991429087177796
625 0.9950383199383603 0.29902361906594366
626 0.9948822992176709 0.2989045877958224
627 0.9947265211786411 0.2987858138826765
628 0.9945709849892297 0.2986672963077889
629 0.994415689821463 0.2985490340584152
630 0.9942606348514013 0.2984310261277365
631 0.9941058192591075 0.2983132715148101
632 0.9939512422286155 0.29819576922452345
633 0.9937969029479005 0.29807851826754683
634 0.9936428006088449 0.29796151766028656
635 0.9934889344072114 0.29784476642483954
636 0.9933353035426125 0.2977282635889471
637 0.9931819072184783 0.297612008185951
638 0.9930287446420332 0.29749599925474823
639 0.9928758150242598 0.29738023583974676
640 0.9927231175798773 0.2972647169908222
641 0.9925706515273077 0.2971494417632742
642 0.9924184160886529 0.29703440921778435
643 0.992266410489665 0.29691961842037284
644 0.9921146339597195 0.2968050684423576
645 0.991963085731789 0.2966907583603113
646 0.9918117650424173 0.29657668725602193
647 0.9916606711316918 0.29646285421645097
648 0.9915098032432204 0.29634925833369286
649 0.9913591606241041 0.29623589870493655
650 0.9912087425249131 0.29612277443242374
651 0.9910585481996612 0.29600988462341216
652 0.9909085769057814 0.2958972283901348
653 0.9907588279041035 0.2957848048497629
654 0.990609300458828 0.29567261312436727
655 0.9904599938375038 0.2955606523408806
656 0.9903109073110038 0.29544892163106085
657 0.9901620401535041 0.2953374201314536
658 0.9900133916424589 0.295226146983356
659 0.9898649610585799 0.29511510133278046
660 0.9897167476858117 0.2950042823304187
661 0.9895687508113129 0.2948936891316062
662 0.9894209697254318 0.29478332089628767
663 0.9892734037216862 0.29467317678898086
664 0.9891260520967425 0.2945632559787443
665 0.9889789141503937 0.29445355763914044
666 0.9888319891855396 0.2943440809482042
667 0.988685276508166 0.29423482508840826
668 0.9885387754273232 0.29412578924663024
669 0.9883924852551088 0.294016972614119
670 0.9882464053066452 0.29390837438646367
671 0.9881005349000608 0.2937999937635606
672 0.9879548733564718 0.2936918299495805
673 0.9878094199999613 0.2935838821529387
674 0.9876641741575609 0.2934761495862621
675 0.9875191351592333 0.2933686314663593
676 0.9873743023378507 0.29326132701418917
677 0.9872296750291802 0.29315423545483055
678 0.987085252571863 0.2930473560174521
679 0.9869410343073965 0.2929406879352828
680 0.9867970195801191 0.29283423044558177
681 0.9866532077371887 0.2927279827896088
682 0.9865095981285683 0.29262194421259624
683 0.9863661901070072 0.29251611396371896
684 0.9862229830280262 0.2924104912960671
685 0.9860799762498972 0.2923050754666165
686 0.9859371691336293 0.2921998657362016
687 0.9857945610429515 0.2920948613694877
688 0.9856521513442946 0.291990061634943
689 0.9855099394067789 0.29188546580481145
690 0.9853679246021948 0.29178107315508617
691 0.9852261063049876 0.291676882965482
692 0.9850844838922429 0.29157289451940993
693 0.9849430567436699 0.2914691071039497
694 0.9848018242415857 0.29136552000982485
695 0.9846607857709027 0.29126213253137656
696 0.9845199407191093 0.29115894396653774
697 0.9843792884762592 0.29105595361680814
698 0.9842388284349523 0.29095316078722944
699 0.984098559990324 0.2908505647863594
700 0.983958482540029 0.2907481649262486
701 0.983818595484226 0.290645960522415
702 0.9836788982255633 0.29054395089381996
703 0.9835393901691681 0.2904421353628445
704 0.9834000707226289 0.29034051325526555
705 0.9832609392959819 0.2902390839002321
706 0.9831219953016992 0.290137846630242
707 0.9829832381546737 0.290036800781119
708 0.9828446672722061 0.28993594569198944
709 0.982706282073991 0.2898352807052595
710 0.9825680819821052 0.2897348051665937
711 0.9824300664209923 0.2896345184248909
712 0.9822922348174516 0.28953441983226375
713 0.9821545866006244 0.28943450874401566
714 0.9820171212019806 0.2893347845186193
715 0.9818798380553073 0.2892352465176956
716 0.9817427365966962 0.2891358941059921
717 0.9816058162645294 0.2890367266513608
718 0.9814690764994699 0.2889377435247389
719 0.9813325167444453 0.28883894410012684
720 0.9811961364446405 0.2887403277545681
721 0.9810599350474822 0.2886418938681279
722 0.9809239120026279 0.2885436418238745
723 0.9807880667619551 0.28844557100785767
724 0.9806523987795481 0.2883476808090898
725 0.9805169075116867 0.28824997061952534
726 0.9803815924168363 0.28815243983404143
727 0.980246452955634 0.2880550878504191
728 0.980111488590878 0.28795791406932303
729 0.9799766987875181 0.28786091789428336
730 0.9798420830126429 0.2877640987316764
731 0.9797076407354673 0.28766745599070515
732 0.9795733714273268 0.28757098908338274
733 0.9794392745616594 0.28747469742451126
734 0.979305349614001 0.2873785804316658
735 0.9791715960619715 0.2872826375251754
736 0.9790380133852643 0.28718686812810446
737 0.9789046010656361 0.2870912716662362
738 0.9787713585868983 0.286995847568054
739 0.9786382854349042 0.2869005952647244
740 0.9785053810975386 0.28680551419007927
741 0.9783726450647096 0.28671060378059915
742 0.9782400768283368 0.2866158634753958
743 0.9781076758823422 0.28652129271619503
744 0.9779754417226391 0.28642689094732093
745 0.9778433738471233 0.2863326576156777
746 0.9777114717556634 0.2862385921707341
747 0.9775797349500888 0.2861446940645072
748 0.9774481629341842 0.28605096275154573
749 0.9773167552136754 0.2859573976889137
750 0.9771855112962224 0.28586399833617504
751 0.9770544306914094 0.2857707641553774
752 0.9769235129107361 0.28567769461103676
753 0.9767927574676064 0.28558478917012103
754 0.9766621638773212 0.2854920473020358
755 0.9765317316570684 0.28539946847860764
756 0.9764014603259128 0.2853070521740705
757 0.9762713494047885 0.285214797865049
758 0.97614139841649 0.2851227050305445
759 0.9760116068856619 0.28503077315191994
760 0.9758819743387903 0.28493900171288516
761 0.9757525003041951 0.2848473901994823
762 0.97562318431202 0.28475593810007105
763 0.9754940258942253 0.2846646449053153
764 0.9753650245845774 0.28457351010816717
765 0.9752361799186415 0.28448253320385436
766 0.9751074914337733 0.28439171368986566
767 0.9749789586691079 0.28430105106593717
768 0.9748505811655558 0.28421054483403785
769 0.9747223584657912 0.28412019449835657
770 0.974594290114245 0.2840299995652882
771 0.9744663756570965 0.28393995954342044
772 0.9743386146422632 0.2838500739435203
773 0.9742110066193981 0.2837603422785205
774 0.9740835511398747 0.28367076406350666
775 0.9739562477567837 0.2835813388157047
776 0.973829096024924 0.2834920660544669
777 0.9737020955007936 0.28340294530125987
778 0.9735752457425835 0.2833139760796513
779 0.9734485463101682 0.28322515791529795
780 0.9733219967650992 0.28313649033593224
781 0.9731955966705965 0.2830479728713508
782 0.9730693455915417 0.2829596050534014
783 0.9729432430944694 0.2828713864159708
784 0.9728172887475611 0.28278331649497285
785 0.9726914821206364 0.2826953948283362
786 0.9725658227851444 0.28260762095599296
787 0.9724403103141608 0.282519994419866
788 0.9723149442823751 0.28243251476385695
789 0.9721897242660863 0.2823451815338363
790 0.9720646498431965 0.2822579942776295
791 0.9719397205931998 0.28217095254500707
792 0.9718149360971793 0.2820840558876728
793 0.9716902959377972 0.28199730385925187
794 0.9715657996992892 0.2819106960152804
795 0.9714414469674572 0.2818242319131934
796 0.971317237329661 0.281737911112315
797 0.9711931703748127 0.28165173317384595
798 0.9710692456933704 0.2815656976608542
799 0.9709454628773289 0.2814798041382627
800 0.9708218215202143 0.2813940521728394
801 0.9706983212170783 0.28130844133318705
802 0.9705749615644899 0.28122297118973144
803 0.9704517421605278 0.2811376413147122
804 0.9703286626047767 0.2810524512821713
805 0.9702057224983177 0.28096740066794323
806 0.9700829214437235 0.2808824890496448
807 0.9699602590450515 0.28079771600666487
808 0.9698377349078351 0.2807130811201539
809 0.9697153486390817 0.2806285839730148
810 0.9695930998472629 0.2805442241498921
811 0.9694709881423075 0.28046000123716247
812 0.9693490131355974 0.2803759148229247
813 0.9692271744399606 0.28029196449699023
814 0.9691054716696638 0.28020814985087344
815 0.9689839044404083 0.2801244704777821
816 0.9688624723693203 0.28004092597260766
817 0.968741175074948 0.27995751593191565
818 0.9686200121772547 0.27987423995393695
819 0.9684989832976111 0.27979109763855803
820 0.9683780880587904 0.27970808858731155
821 0.9682573260849635 0.2796252124033678
822 0.9681366970016895 0.27954246869152477
823 0.9680162004359125 0.2794598570581999
824 0.9678958360159555 0.27937737711142063
825 0.9677756033715135 0.2792950284608159
826 0.9676555021336481 0.2792128107176067
827 0.9675355319347808 0.2791307234945978
828 0.9674156924086889 0.27904876640616905
829 0.9672959831904976 0.2789669390682664
830 0.967176403916676 0.27888524109839347
831 0.9670569542250311 0.27880367211560325
832 0.9669376337546997 0.27872223174048916
833 0.9668184421461471 0.2786409195951772
834 0.9666993790411574 0.27855973530331724
835 0.9665804440828298 0.2784786784900747
836 0.9664616369155729 0.27839774878212276
837 0.9663429571850984 0.2783169458076336
838 0.9662244045384174 0.278236269196271
839 0.966105978623832 0.2781557185791815
840 0.9659876790909321 0.278075293588987
841 0.9658695055905901 0.2779949938597768
842 0.9657514577749532 0.2779148190270992
843 0.9656335352974408 0.2778347687279545
844 0.9655157378127361 0.2777548426007863
845 0.9653980649767846 0.27767504028547474
846 0.9652805164467858 0.27759536142332814
847 0.9651630918811879 0.27751580565707573
848 0.965045790939685 0.2774363726308601
849 0.9649286132832094 0.27735706199022914
850 0.9648115585739278 0.27727787338213
851 0.9646946264752346 0.27719880645489986
852 0.9645778166517498 0.2771198608582601
853 0.9644611287693104 0.27704103624330834
854 0.9643445624949677 0.2769623322625112
855 0.9642281174969802 0.276883748569697
856 0.964111793444811 0.2768052848200494
857 0.9639955900091217 0.2767269406700993
858 0.9638795068617657 0.27664871577771866
859 0.963763543675786 0.27657060980211234
860 0.9636477001254095 0.2764926224038128
861 0.9635319758860394 0.276414753244672
862 0.9634163706342557 0.2763370019878549
863 0.963300884047805 0.2762593682978323
864 0.9631855158055977 0.2761818518403752
865 0.9630702655877053 0.27610445228254665
866 0.9629551330753516 0.2760271692926961
867 0.962840117950911 0.2759500025404527
868 0.9627252198979027 0.27587295169671777
869 0.9626104386009866 0.27579601643366
870 0.9624957737459554 0.2757191964247069
871 0.9623812250197367 0.2756424913445402
872 0.9622667921103804 0.27556590086908844
873 0.9621524747070604 0.27548942467552107
874 0.9620382725000663 0.2754130624422415
875 0.9619241851807998 0.2753368138488818
876 0.9618102124417712 0.27526067857629566
877 0.9616963539765941 0.2751846563065525
878 0.9615826094799799 0.27510874672293134
879 0.961468978647734 0.2750329495099153
880 0.9613554611767525 0.2749572643531838
881 0.9612420567650168 0.27488169093960896
882 0.961128765111588 0.2748062289572475
883 0.9610155859166046 0.2747308780953356
884 0.9609025188812769 0.2746556380442837
885 0.960789563707883 0.2745805084956696
886 0.9606767200997642 0.27450548914223305
887 0.9605639877613203 0.2744305796778701
888 0.9604513663980065 0.27435577979762676
889 0.9603388557163288 0.27428108919769495
890 0.9602264554238381 0.2742065075754039
891 0.9601141652291282 0.2741320346292178
892 0.9600019848418301 0.2740576700587276
893 0.9598899139726089 0.27398341356464717
894 0.9597779523331581 0.27390926484880673
895 0.9596660996361975 0.2738352236141478
896 0.9595543555954669 0.27376128956471846
897 0.9594427199257232 0.2736874624056655
898 0.9593311923427361 0.2736137418432326
899 0.9592197725632846 0.2735401275847516
900 0.9591084603051518 0.27346661933863964
901 0.9589972552871213 0.27339321681439277
902 0.9588861572289734 0.27331991972258035
903 0.958775165851481 0.2732467277748411
904 0.958664280876406 0.2731736406838765
905 0.9585535020264929 0.2731006581634469
906 0.9584428290254697 0.2730277799283657
907 0.9583322615980395 0.27295500569449405
908 0.958221799469878 0.2728823351787366
909 0.9581114423676294 0.2728097680990361
910 0.9580011900189053 0.272737304174368
911 0.9578910421522753 0.2726649431247364
912 0.9577809984972689 0.2725926846711681
913 0.957671058784367 0.2725205285357088
914 0.9575612227450012 0.27244847444141684
915 0.9574514901115491 0.2723765221123601
916 0.9573418606173304 0.27230467127361
917 0.9572323339966017 0.2722329216512369
918 0.9571229099845557 0.2721612729723058
919 0.9570135883173161 0.2720897249648711
920 0.9569043687319322 0.27201827735797207
921 0.9567952509663786 0.2719469298816288
922 0.9566862347595484 0.2718756822668368
923 0.9565773198512508 0.27180453424556256
924 0.9564685059822086 0.2717334855507397
925 0.9563597928940525 0.27166253591626316
926 0.9562511803293182 0.27159168507698583
927 0.9561426680314443 0.27152093276871364
928 0.9560342557447659 0.27145027872820116
929 0.9559259432145141 0.27137972269314703
930 0.9558177301868103 0.27130926440218955
931 0.9557096164086629 0.2712389035949028
932 0.955601601627965 0.27116864001179186
933 0.9554936855934903 0.2710984733942886
934 0.9553858680548883 0.27102840348474677
935 0.9552781487626831 0.2709584300264393
936 0.9551705274682687 0.27088855276355267
937 0.9550630039239042 0.2708187714411832
938 0.9549555778827148 0.2707490858053325
939 0.9548482490986834 0.27067949560290394
940 0.9547410173266493 0.2706100005816984
941 0.9546338823223058 0.27054060049040946
942 0.9545268438421948 0.27047129507862017
943 0.954419901643706 0.27040208409679845
944 0.9543130554850703 0.27033296729629347
945 0.9542063051253595 0.2702639444293312
946 0.9540996503244819 0.2701950152490108
947 0.9539930908431778 0.27012617950930007
948 0.9538866264430187 0.27005743696503265
949 0.9537802568864017 0.26998878737190285
950 0.9536739819365477 0.26992023048646263
951 0.9535678013574969 0.26985176606611677
952 0.9534617149141079 0.26978339386912054
953 0.9533557223720516 0.26971511365457457
954 0.9532498234978104 0.26964692518242106
955 0.9531440180586724 0.26957882821344104
956 0.9530383058227326 0.2695108225092498
957 0.9529326865588847 0.2694429078322932
958 0.9528271600368214 0.2693750839458443
959 0.9527217260270298 0.2693073506139993
960 0.9526163843007888 0.26923970760167415
961 0.9525111346301656 0.2691721546746005
962 0.952405976788014 0.2691046915993229
963 0.9523009105479688 0.2690373181431942
964 0.9521959356844449 0.26897003407437275
965 0.9520910519726341 0.2689028391618182
966 0.9519862591885011 0.26883573317528847
967 0.9518815571087801 0.268768715885336
968 0.9517769455109742 0.26870178706330433
969 0.9516724241733504 0.2686349464813245
970 0.9515679928749354 0.2685681939123117
971 0.9514636513955179 0.26850152912996184
972 0.951359399515638 0.26843495190874767
973 0.9512552370165916 0.26836846202391634
974 0.9511511636804222 0.26830205925148537
975 0.9510471792899213 0.268235743368239
976 0.950943283628624 0.26816951415172546
977 0.950839476480806 0.2681033713802536
978 0.9507357576314805 0.26803731483288906
979 0.9506321268663979 0.2679713442894515
980 0.9505285839720387 0.26790545953051104
981 0.9504251287356141 0.2678396603373852
982 0.9503217609450626 0.26777394649213565
983 0.950218480389046 0.26770831777756476
984 0.9501152868569467 0.2676427739772127
985 0.9500121801388661 0.2675773148753541
986 0.9499091600256214 0.26751194025699504
987 0.9498062263087422 0.26744664990786937
988 0.9497033787804682 0.2673814436144366
989 0.9496006172337459 0.26731632116387793
990 0.9494979414622278 0.26725128234409345
991 0.9493953512602671 0.2671863269436989
992 0.9492928464229169 0.26712145475202304
993 0.9491904267459262 0.26705666555910446
994 0.9490880920257381 0.26699195915568763
995 0.9489858420594864 0.2669273353332218
996 0.9488836766449942 0.2668627938838562
997 0.9487815955807706 0.26679833460043784
998 0.9486795986660067 0.2667339572765091
999 0.9485776857005751 0.2666696617063032
