agg_error per_agent_error
0 376.59672857592085 939.3398688169216
1 198.27988170603734 983.9578483926418
2 4.944376684155839 39.13721269560952
3 9.705786836760486 23.06233353582408
4 3.4505963306014653 2.719366280873232
5 1.668069984851844 3.0643495697833485
6 1.2978175750759915 3.1676247925717043
7 1.184118137696323 2.3347027522257155
8 1.127926143622803 1.5845498171276864
9 1.097562637369533 1.1263783367487998
10 1.0822021540071165 0.8730172976144912
11 1.0744057656297428 0.725286589178284
12 1.0693439973249546 0.6270120871375144
13 1.0644938432383269 0.553865493553968
14 1.0588927315029235 0.49681666293686255
15 1.0524252285767506 0.45235822111643065
16 1.045337096719991 0.41836064613279195
17 1.0379645882015198 0.3928330199025365
18 1.030609430347888 0.37380656083900965
19 1.0234962858653955 0.3594966228313921
20 1.01677036615363 0.34843781463824874
21 1.0105110004388729 0.3395282458948706
22 1.0047489534946226 0.3320024621085327
23 0.9994821817519937 0.3253680411389661
24 0.994688284589215 0.3193332223741454
25 0.9903335518775427 0.3137413803226066
26 0.9863791407969684 0.30851900631576645
27 0.9827850612898552 0.30363821171351524
28 0.9795125913686169 0.2990919313025384
29 0.9765256195657772 0.2948789904148404
30 0.9737912841172851 0.290996184988148
31 0.9712801703207511 0.28743496254425704
32 0.9689662442033808 0.2841808641864859
33 0.9668266400327397 0.28121443066439633
34 0.9648413768266547 0.2785127224687417
35 0.9629930502709305 0.27605094019928533
36 0.9612665274472927 0.27380386739528206
37 0.9596486595095945 0.2717470131584255
38 0.958128019732723 0.26985742684009506
39 0.9566946696525884 0.26811420985037393
40 0.9553399532588732 0.2664987745613642
41 0.9540563176842356 0.26499490788787816
42 0.952837158085609 0.263588694832829
43 0.9516766841306944 0.26226835000546295
44 0.95056980549122 0.26102399595932474
45 0.9495120338818018 0.25984741797841826
46 0.9484993993939842 0.2587318166341657
47 0.9475283791140945 0.2576715724660268
48 0.9465958362547262 0.25666203159927126
49 0.9456989682586018 0.2556993169155075
50 0.9448352625432435 0.2547801663576976
51 0.9440024587424443 0.2539017978737611
52 0.943198516465785 0.25306179917701227
53 0.9424215877414189 0.25225803974385125
54 0.941669993431864 0.2514886021238192
55 0.9409422030195436 0.25075172957830777
56 0.9402368172504867 0.2500457871935111
57 0.9395525532027709 0.24936923385632404
58 0.9388882314128519 0.2487206027846135
59 0.9382427647494838 0.2480984886274958
60 0.9376151487728663 0.24750153947135
61 0.9370044533572932 0.24692845238712396
62 0.9364098153899371 0.24637797142485746
63 0.9358304323874448 0.24584888719797132
64 0.9352655568965689 0.2453400374018347
65 0.9347144915657406 0.24485030777974612
66 0.9341765847919851 0.24437863318733968
67 0.9336512268622751 0.24392399851688487
68 0.9331378465208542 0.2434854393296064
69 0.932635907904491 0.2430620421105449
70 0.9321449077964653 0.24265294411004226
71 0.9316643731574764 0.24225733277169043
72 0.9311938588979334 0.24187444477129666
73 0.9307329458613534 0.24150356470740836
74 0.9302812389930253 0.24114402349321684
75 0.9298383656718422 0.24079519650387976
76 0.9294039741863745 0.24045650153380982
77 0.9289777323389057 0.24012739661639182
78 0.9285593261634284 0.2398073777547398
79 0.928148458745479 0.23949597660720784
80 0.9277448491333343 0.2391927581658893
81 0.9273482313314457 0.23889731846069337
82 0.92695835336815 0.2386092823160375
83 0.9265749764307094 0.2383283011819189
84 0.9261978740615477 0.23805405105627053
85 0.9258268314103043 0.23778623051112666
86 0.9254616445369268 0.237524558831251
87 0.925102119761566 0.23726877427053328
88 0.9247480730574924 0.23701863242861304
89 0.9243993294836553 0.23677390474782323
90 0.9240557226538433 0.2365343771286041
91 0.923717094239709 0.23629984866001502
92 0.9233832935051862 0.23607013046077266
93 0.9230541768700453 0.235845044625375
94 0.9227296075005453 0.2356244232692561
95 0.9224094549253223 0.2354081076665243
96 0.9220935946747882 0.23519594747363634
97 0.9217819079424872 0.23498780003231867
98 0.9214742812669566 0.23478352974511063
99 0.9211706062327673 0.23458300751709393
100 0.9208707791895008 0.2343861102576076
101 0.9205747009875379 0.23419272043606354
102 0.9202822767295925 0.23400272568631025
103 0.9199934155370081 0.23381601845436645
104 0.9197080303299088 0.23363249568472227
105 0.9194260376203445 0.23345205854078951
106 0.9191473573176426 0.23327461215546322
107 0.9188719125452189 0.2331000654081258
108 0.9185996294681578 0.23292833072477853
109 0.9183304371309066 0.23275932389832787
110 0.9180642673044829 0.23259296392636644
111 0.917801054342619 0.23242917286409148
112 0.9175407350463125 0.232267875690274
113 0.9172832485362785 0.2321090001844493
114 0.9170285361328356 0.23195247681372738
115 0.916776541242784 0.23179823862783439
116 0.9165272092528549 0.23164622116118383
117 0.9162804874293484 0.23149636234094892
118 0.9160363248235879 0.23134860240025673
119 0.9157946721828486 0.2312028837957606
120 0.9155554818664313 0.23105915112896613
121 0.915318707766584 0.23091735107079034
122 0.9150843052339782 0.23077743228892367
123 0.9148522310074682 0.23063934537764416
124 0.9146224431478875 0.23050304278979944
125 0.9143949009756354 0.23036847877073133
126 0.9141695650118301 0.23023560929396752
127 0.9139463969228214 0.23010439199854205
128 0.9137253594678553 0.2299747861278454
129 0.9135064164497111 0.22984675246993086
130 0.9132895326681316 0.22972025329922563
131 0.9130746738758745 0.22959525231961614
132 0.9128618067372398 0.22947171460888752
133 0.9126508987889163 0.22934960656451311
134 0.9124419184030139 0.22922889585079176
135 0.9122348347521498 0.2291095513473409
136 0.9120296177764667 0.22899154309895514
137 0.9118262381524669 0.22887484226684116
138 0.911624667263554 0.2287594210812401
139 0.9114248771721837 0.2286452527954512
140 0.9112268405935195 0.22853231164126195
141 0.9110305308705144 0.22842057278579592
142 0.9108359219503219 0.22831001228978032
143 0.9106429883619672 0.22820060706723522
144 0.9104517051951957 0.22809233484658345
145 0.9102620480804348 0.22798517413317496
146 0.910073993169795 0.2278791041732161
147 0.9098875171190579 0.2277741049190954
148 0.9097025970705832 0.22767015699608623
149 0.9095192106370855 0.22756724167041076
150 0.9093373358862277 0.22746534081864486
151 0.909156951325983 0.22736443689843594
152 0.9089780358907181 0.22726451292051397
153 0.9088005689279568 0.22716555242196185
154 0.9086245301857832 0.22706753944071642
155 0.9084498998008468 0.22697045849127004
156 0.9082766582869339 0.22687429454153774
157 0.9081047865240731 0.2267790329908542
158 0.9079342657481392 0.22668465964906762
159 0.9077650775409349 0.22659116071669208
160 0.9075972038207134 0.22649852276608323
161 0.907430626833122 0.2264067327235978
162 0.9072653291425408 0.22631577785270235
163 0.9071012936237934 0.2262256457379916
164 0.9069385034542072 0.22613632427008062
165 0.9067769421060086 0.22604780163133262
166 0.9066165933390241 0.22596006628238732
167 0.9064574411936827 0.2258731069494535
168 0.9062994699842901 0.22578691261232864
169 0.9061426642925702 0.22570147249311379
170 0.9059870089614508 0.22561677604558858
171 0.9058324890890864 0.22553281294521202
172 0.9056790900230995 0.2254495730797202
173 0.9055267973550348 0.2253670465402864
174 0.9053755969150079 0.22528522361321604
175 0.905225474766543 0.22520409477214587
176 0.9050764172015896 0.22512365067072046
177 0.9049284107357041 0.22504388213571694
178 0.9047814421033945 0.22496478016059573
179 0.904635498253614 0.22488633589944812
180 0.9044905663453994 0.22480854066131992
181 0.9043466337436449 0.22473138590488737
182 0.9042036880150051 0.22465486323346295
183 0.9040617169239249 0.22457896439031208
184 0.9039207084287809 0.22450368125425796
185 0.9037806506781394 0.22442900583556052
186 0.9036415320071168 0.22435493027204612
187 0.9035033409338459 0.22428144682547502
188 0.903366066156034 0.22420854787813058
189 0.9032296965476165 0.2241362259296123
190 0.9030942211554983 0.2240644735938212
191 0.902959629196379 0.2239932835961222
192 0.902825910053659 0.2239226487706741
193 0.9026930532744237 0.223852562057909
194 0.9025610485665 0.2237830165021579
195 0.9024298857955859 0.2237140052494051
196 0.9022995549824467 0.2236455215451661
197 0.9021700463001794 0.22357755873247753
198 0.9020413500715342 0.22351011024999073
199 0.9019134567663052 0.22344316963016234
200 0.9017863569987722 0.22337673049753284
201 0.9016600415252014 0.2233107865670867
202 0.9015345012414011 0.22324533164268723
203 0.9014097271803279 0.22318035961558164
204 0.9012857105097462 0.22311586446296816
205 0.9011624425299319 0.22305184024662256
206 0.9010399146714292 0.22298828111157767
207 0.900918118492847 0.22292518128485211
208 0.9007970456787053 0.22286253507422366
209 0.9006766880373205 0.22280033686704445
210 0.9005570374987328 0.22273858112909384
211 0.9004380861126763 0.22267726240346547
212 0.9003198260465847 0.22261637530948625
213 0.9002022495836391 0.22255591454166443
214 0.9000853491208508 0.22249587486866396
215 0.8999691171671756 0.2224362511323039
216 0.8998535463416754 0.2223770382465793
217 0.8997386293716987 0.22231823119670363
218 0.8996243590911067 0.2222598250381681
219 0.8995107284385226 0.22220181489582075
220 0.8993977304556218 0.22214419596295987
221 0.8992853582854438 0.22208696350044282
222 0.89917360517074 0.22203011283580815
223 0.8990624644523484 0.2219736393624101
224 0.898951929567599 0.2219175385385659
225 0.8988419940487454 0.22186180588671336
226 0.8987326515214247 0.22180643699257813
227 0.8986238957031436 0.22175142750435226
228 0.8985157204017913 0.22169677313188013
229 0.8984081195141792 0.2216424696458547
230 0.8983010870246032 0.22158851287702058
231 0.8981946170034334 0.22153489871538606
232 0.898088703605726 0.22148162310944244
233 0.8979833410698591 0.2214286820653903
234 0.8978785237161926 0.2213760716463738
235 0.8977742459457508 0.22132378797172075
236 0.8976705022389264 0.22127182721619176
237 0.8975672871542063 0.2212201856092323
238 0.8974645953269214 0.2211688594342353
239 0.8973624214680127 0.22111784502780862
240 0.8972607603628218 0.22106713877904813
241 0.8971596068699033 0.22101673712881892
242 0.8970589559198504 0.22096663656904184
243 0.8969588025141475 0.22091683364198755
244 0.8968591417240366 0.22086732493957578
245 0.8967599686894056 0.2208181071026814
246 0.8966612786176938 0.2207691768204484
247 0.8965630667828163 0.22072053082960807
248 0.8964653285241061 0.22067216591380548
249 0.8963680592452726 0.22062407890293226
250 0.8962712544133803 0.22057626667246477
251 0.8961749095578395 0.22052872614281116
252 0.8960790202694194 0.22048145427866295
253 0.8959835821992745 0.2204344480883551
254 0.8958885910579865 0.22038770462323135
255 0.8957940426146221 0.22034122097701747
256 0.8956999326958112 0.22029499428520138
257 0.8956062571848313 0.22024902172441904
258 0.895513012020717 0.22020330051184864
259 0.8954201931973744 0.22015782790461147
260 0.8953277967627212 0.22011260119917775
261 0.8952358188178285 0.2200676177307839
262 0.8951442555160876 0.2200228748728514
263 0.8950531030623843 0.21997837003641685
264 0.8949623577122888 0.2199341006695672
265 0.8948720157712602 0.2198900642568822
266 0.8947820735938596 0.2198462583188844
267 0.8946925275829831 0.21980268041149523
268 0.8946033741891001 0.21975932812549898
269 0.8945146099095111 0.2197161990860142
270 0.8944262312876121 0.21967329095197044
271 0.8943382349121731 0.21963060141559318
272 0.8942506174166316 0.2195881282018959
273 0.8941633754783915 0.21954586906817797
274 0.8940765058181407 0.21950382180353087
275 0.8939900051991714 0.2194619842283499
276 0.8939038704267223 0.2194203541938536
277 0.8938180983473216 0.21937892958160993
278 0.8937326858481465 0.21933770830306826
279 0.8936476298563925 0.2192966882990996
280 0.8935629273386513 0.21925586753954246
281 0.8934785753003007 0.21921524402275466
282 0.8933945707849051 0.21917481577517378
283 0.8933109108736221 0.21913458085088228
284 0.8932275926846236 0.21909453733117928
285 0.8931446133725258 0.2190546833241601
286 0.8930619701278234 0.2190150169642998
287 0.8929796601763403 0.2189755364120456
288 0.892897680778685 0.21893623985341326
289 0.8928160292297144 0.21889712549959073
290 0.892734702858012 0.2188581915865481
291 0.8926536990253665 0.2188194363746525
292 0.8925730151262661 0.2187808581482899
293 0.8924926485873967 0.218742455215492
294 0.8924125968671514 0.21870422590756972
295 0.8923328574551466 0.21866616857875226
296 0.8922534278717442 0.2186282816058303
297 0.8921743056675862 0.21859056338780758
298 0.8920954884231329 0.218553012345555
299 0.8920169737482115 0.21851562692147286
300 0.8919387592815686 0.21847840557915607
301 0.8918608426904351 0.21844134680306626
302 0.8917832216700944 0.2184044490982086
303 0.8917058939434569 0.21836771098981347
304 0.8916288572606477 0.21833113102302387
305 0.8915521093985938 0.2182947077625867
306 0.8914756481606205 0.2182584397925503
307 0.8913994713760585 0.21822232571596645
308 0.89132357689985 0.21818636415459586
309 0.8912479626121685 0.21815055374862005
310 0.8911726264180401 0.21811489315635754
311 0.8910975662469739 0.2180793810539836
312 0.8910227800525943 0.21804401613525554
313 0.8909482658122868 0.21800879711124196
314 0.8908740215268409 0.2179737227100565
315 0.8908000452201041 0.21793879167659588
316 0.8907263349386436 0.217904002772282
317 0.8906528887514056 0.21786935477480818
318 0.8905797047493881 0.21783484647788975
319 0.8905067810453158 0.21780047669101854
320 0.8904341157733192 0.21776624423922114
321 0.8903617070886221 0.21773214796282161
322 0.8902895531672308 0.21769818671720653
323 0.8902176522056305 0.21766435937259646
324 0.8901460024204875 0.21763066481381838
325 0.8900746020483528 0.21759710194008325
326 0.8900034493453737 0.21756366966476667
327 0.8899325425870096 0.2175303669151937
328 0.8898618800677521 0.2174971926324264
329 0.8897914601008472 0.2174641457710547
330 0.8897212810180283 0.21743122529899137
331 0.8896513411692448 0.2173984301972702
332 0.8895816389224048 0.2173657594598459
333 0.8895121726631139 0.21733321209339979
334 0.8894429407944222 0.21730078711714654
335 0.889373941736575 0.21726848356264478
336 0.8893051739267673 0.21723630047361012
337 0.8892366358189023 0.2172042369057328
338 0.8891683258833537 0.21717229192649573
339 0.8891002426067302 0.21714046461499859
340 0.8890323844916487 0.2171087540617807
341 0.888964750056506 0.21707715936865135
342 0.8888973378352566 0.21704567964851845
343 0.8888301463771929 0.21701431402522323
344 0.8887631742467315 0.21698306163337558
345 0.8886964200231992 0.216951921618193
346 0.8886298823006263 0.21692089313534163
347 0.8885635596875401 0.21688997535077972
348 0.8884974508067635 0.21685916744060452
349 0.8884315542952166 0.21682846859090005
350 0.8883658688037205 0.21679787799758826
351 0.888300392996805 0.216767394866283
352 0.8882351255525212 0.21673701841214493
353 0.8881700651622528 0.21670674785973987
354 0.8881052105305351 0.21667658244289875
355 0.888040560374872 0.21664652140458027
356 0.8879761134255616 0.21661656399673507
357 0.8879118684255206 0.21658670948017278
358 0.8878478241301114 0.21655695712443038
359 0.8877839793069746 0.21652730620764354
360 0.8877203327358615 0.21649775601641907
361 0.8876568832084714 0.2164683058457094
362 0.8875936295282904 0.2164389549986907
363 0.8875305705104325 0.21640970278664012
364 0.8874677049814831 0.21638054852881722
365 0.8874050317793468 0.21635149155234654
366 0.8873425497530966 0.2163225311921014
367 0.8872802577628216 0.21629366679059037
368 0.8872181546794854 0.21626489769784552
369 0.8871562393847799 0.21623622327131103
370 0.8870945107709828 0.2162076428757359
371 0.8870329677408196 0.21617915588306588
372 0.8869716092073247 0.21615076167233943
373 0.8869104340937078 0.21612245962958238
374 0.8868494413332204 0.2160942491477079
375 0.886788629869024 0.21606612962641433
376 0.8867279986540612 0.2160381004720875
377 0.8866675466509308 0.21601016109770305
378 0.8866072728317608 0.21598231092273015
379 0.8865471761780852 0.2159545493730383
380 0.8864872556807254 0.215926875880803
381 0.8864275103396685 0.2158992898844155
382 0.8863679391639505 0.2158717908283925
383 0.8863085411715425 0.21584437816328705
384 0.8862493153892351 0.21581705134560208
385 0.8861902608525268 0.21578980983770388
386 0.886131376605514 0.21576265310773812
387 0.8860726617007838 0.21573558062954595
388 0.8860141151993046 0.21570859188258293
389 0.8859557361703224 0.2156816863518374
390 0.8858975236912575 0.2156548635277518
391 0.8858394768476017 0.2156281229061438
392 0.8857815947328188 0.21560146398813035
393 0.885723876448245 0.2155748862800509
394 0.8856663211029899 0.2155483892933927
395 0.8856089278138455 0.2155219725447185
396 0.8855516957051862 0.21549563555559287
397 0.8854946239088785 0.21546937785251213
398 0.8854377115641904 0.21544319896683378
399 0.8853809578176992 0.2154170984347068
400 0.8853243618232023 0.21539107579700478
401 0.8852679227416327 0.2153651305992586
402 0.8852116397409703 0.2153392623915905
403 0.8851555119961563 0.21531347072864945
404 0.885099538689013 0.21528775516954674
405 0.8850437190081589 0.21526211527779415
406 0.8849880521489272 0.21523655062124095
407 0.8849325373132874 0.21521106077201396
408 0.884877173709766 0.21518564530645698
409 0.8848219605533696 0.2151603038050719
410 0.8847668970655075 0.2151350358524607
411 0.8847119824739157 0.21510984103726788
412 0.8846572160125866 0.2150847189521245
413 0.88460259692169 0.21505966919359307
414 0.8845481244475073 0.21503469136211162
415 0.8844937978423573 0.21500978506194132
416 0.8844396163645258 0.21498494990111305
417 0.8843855792781983 0.21496018549137488
418 0.8843316858533924 0.21493549144814167
419 0.8842779353658896 0.21491086739044368
420 0.8842243270971706 0.2148863129408776
421 0.8841708603343504 0.2148618277255569
422 0.8841175343701123 0.21483741137406426
423 0.8840643485026491 0.21481306351940382
424 0.884011302035597 0.21478878379795444
425 0.8839583942779755 0.21476457184942432
426 0.8839056245441288 0.21474042731680454
427 0.8838529921536644 0.21471634984632576
428 0.8838004964313957 0.21469233908741384
429 0.8837481367072832 0.21466839469264604
430 0.883695912316378 0.2146445163177098
431 0.8836438225987666 0.21462070362136026
432 0.8835918668995143 0.21459695626537817
433 0.8835400445686111 0.21457327391453107
434 0.88348835496092 0.21454965623653227
435 0.8834367974361189 0.21452610290200141
436 0.883385371358654 0.21450261358442643
437 0.8833340760976855 0.21447918796012486
438 0.8832829110270369 0.2144558257082072
439 0.8832318755251449 0.21443252651053843
440 0.8831809689750119 0.21440929005170392
441 0.8831301907641542 0.2143861160189713
442 0.8830795402845578 0.21436300410225692
443 0.8830290169326268 0.21433995399409034
444 0.8829786201091406 0.21431696538958084
445 0.8829283492192056 0.21429403798638286
446 0.8828782036722106 0.21427117148466385
447 0.8828281828817827 0.21424836558707117
448 0.8827782862657414 0.2142256199987006
449 0.8827285132460563 0.21420293442706412
450 0.8826788632488045 0.21418030858205883
451 0.8826293357041274 0.2141577421759373
452 0.8825799300461905 0.21413523492327627
453 0.8825306457131392 0.21411278654094804
454 0.8824814821470612 0.21409039674809027
455 0.8824324387939456 0.21406806526607836
456 0.8823835151036417 0.2140457918184963
457 0.8823347105298218 0.21402357613110903
458 0.8822860245299433 0.21400141793183547
459 0.8822374565652085 0.21397931695072117
460 0.8821890061005292 0.2139572729199115
461 0.8821406726044873 0.21393528557362632
462 0.882092455549302 0.21391335464813313
463 0.8820443544107907 0.21389147988172277
464 0.8819963686683338 0.2138696610146839
465 0.8819484978048421 0.21384789778927862
466 0.8819007413067194 0.2138261899497179
467 0.88185309866383 0.2138045372421387
468 0.8818055693694641 0.21378293941457932
469 0.8817581529203051 0.21376139621695728
470 0.8817108488163982 0.21373990740104643
471 0.8816636565611139 0.21371847272045386
472 0.8816165756611208 0.2136970919305992
473 0.8815696056263519 0.21367576478869135
474 0.881522745969973 0.21365449105370873
475 0.8814759962083524 0.21363327048637717
476 0.8814293558610313 0.21361210284914936
477 0.8813828244506929 0.21359098790618503
478 0.8813364015031342 0.2135699254233304
479 0.8812900865472341 0.21354891516809835
480 0.8812438791149283 0.21352795690964976
481 0.8811977787411776 0.21350705041877338
482 0.8811517849639414 0.21348619546786718
483 0.8811058973241503 0.21346539183092067
484 0.8810601153656776 0.2134446392834957
485 0.8810144386353126 0.21342393760270825
486 0.8809688666827342 0.21340328656721197
487 0.8809233990604852 0.2133826859571793
488 0.8808780353239448 0.21336213555428546
489 0.8808327750313036 0.2133416351416907
490 0.8807876177435378 0.21332118450402393
491 0.8807425630243848 0.2133007834273665
492 0.8806976104403189 0.2132804316992361
493 0.8806527595605247 0.2132601291085698
494 0.8806080099568752 0.2132398754457103
495 0.8805633612039065 0.21321967050238846
496 0.8805188128787946 0.21319951407170973
497 0.8804743645613331 0.21317940594813806
498 0.880430015833908 0.21315934592748184
499 0.8803857662814765 0.21313933380687905
500 0.8803416154915448 0.21311936938478312
501 0.8802975630541454 0.21309945246094888
502 0.8802536085618143 0.21307958283641829
503 0.880209751609571 0.2130597603135075
504 0.8801659917948951 0.2130399846957925
505 0.8801223287177077 0.21302025578809664
506 0.8800787619803471 0.21300057339647754
507 0.8800352911875523 0.2129809373282132
508 0.8799919159464388 0.21296134739179062
509 0.87994863586648 0.2129418033968929
510 0.8799054505594882 0.21292230515438632
511 0.879862359639593 0.21290285247630947
512 0.8798193627232223 0.21288344517585994
513 0.8797764594290852 0.21286408306738328
514 0.8797336493781487 0.21284476596636173
515 0.8796909321936228 0.21282549368940207
516 0.8796483075009406 0.2128062660542251
517 0.8796057749277395 0.21278708287965373
518 0.8795633341038422 0.21276794398560292
519 0.8795209846612414 0.21274884919306797
520 0.8794787262340796 0.21272979832411537
521 0.8794365584586319 0.21271079120187047
522 0.8793944809732898 0.212691827650509
523 0.8793524934185425 0.21267290749524564
524 0.8793105954369614 0.2126540305623244
525 0.8792687866731821 0.2126351966790093
526 0.8792270667738884 0.21261640567357393
527 0.879185435387795 0.212597657375292
528 0.8791438921656332 0.21257895161442844
529 0.8791024367601324 0.21256028822222936
530 0.8790610688260059 0.21254166703091365
531 0.8790197880199355 0.21252308787366336
532 0.8789785940005528 0.21250455058461443
533 0.878937486428429 0.21248605499884954
534 0.878896464966054 0.2124676009523878
535 0.8788555292778264 0.21244918828217624
536 0.8788146790300353 0.21243081682608306
537 0.8787739138908465 0.2124124864228874
538 0.8787332335302881 0.21239419691227224
539 0.8786926376202369 0.21237594813481608
540 0.8786521258344027 0.21235773993198517
541 0.8786116978483147 0.21233957214612487
542 0.8785713533393077 0.2123214446204531
543 0.8785310919865078 0.2123033571990521
544 0.87849091347082 0.2122853097268604
545 0.8784508174749134 0.2122673020496667
546 0.8784108036832075 0.21224933401410137
547 0.8783708717818611 0.21223140546762959
548 0.8783310214587562 0.2122135162585444
549 0.8782912524034884 0.2121956662359596
550 0.878251564307351 0.21217785524980287
551 0.8782119568633232 0.21216008315080842
552 0.878172429766059 0.21214234979051144
553 0.8781329827118728 0.21212465502124
554 0.8780936153987285 0.21210699869610933
555 0.8780543275262264 0.21208938066901545
556 0.8780151187955921 0.21207180079462853
557 0.8779759889096621 0.21205425892838609
558 0.8779369375728753 0.21203675492648746
559 0.8778979644912597 0.2120192886458878
560 0.8778590693724203 0.21200185994429116
561 0.8778202519255284 0.21198446868014514
562 0.8777815118613101 0.21196711471263507
563 0.8777428488920345 0.21194979790167762
564 0.8777042627315039 0.21193251810791558
565 0.8776657530950412 0.21191527519271208
566 0.8776273196994793 0.21189806901814465
567 0.8775889622631519 0.21188089944699973
568 0.8775506805058797 0.2118637663427679
569 0.8775124741489637 0.21184666956963757
570 0.8774743429151712 0.21182960899249015
571 0.8774362865287272 0.21181258447689463
572 0.8773983047153031 0.21179559588910254
573 0.8773603972020088 0.2117786430960425
574 0.877322563717379 0.21176172596531556
575 0.8772848039913663 0.21174484436518992
576 0.8772471177553293 0.21172799816459584
577 0.8772095047420244 0.21171118723312138
578 0.8771719646855942 0.2116944114410068
579 0.8771344973215593 0.21167767065914017
580 0.877097102386809 0.21166096475905277
581 0.8770597796195907 0.2116442936129141
582 0.8770225287595006 0.21162765709352777
583 0.8769853495474749 0.21161105507432637
584 0.8769482417257815 0.21159448742936723
585 0.8769112050380083 0.21157795403332857
586 0.8768742392290585 0.21156145476150373
587 0.8768373440451351 0.2115449894897985
588 0.8768005192337393 0.2115285580947253
589 0.876763764543657 0.2115121604534002
590 0.876727079724951 0.21149579644353766
591 0.8766904645289537 0.21147946594344752
592 0.876653918708257 0.21146316883202965
593 0.8766174420167042 0.21144690498877117
594 0.8765810342093834 0.21143067429374124
595 0.8765446950426162 0.21141447662758836
596 0.8765084242739516 0.21139831187153535
597 0.8764722216621571 0.2113821799073759
598 0.8764360869672104 0.2113660806174712
599 0.8764000199502919 0.21135001388474517
600 0.8763640203737773 0.21133397959268205
601 0.8763280880012269 0.21131797762532112
602 0.876292222597382 0.21130200786725428
603 0.8762564239281544 0.2112860702036224
604 0.8762206917606179 0.21127016452011038
605 0.8761850258630043 0.21125429070294544
606 0.8761494260046917 0.2112384486388924
607 0.8761138919562009 0.21122263821525067
608 0.876078423489184 0.21120685931985053
609 0.8760430203764207 0.21119111184105016
610 0.876007682391809 0.21117539566773197
611 0.8759724093103584 0.21115971068929937
612 0.8759372009081824 0.2111440567956732
613 0.8759020569624922 0.21112843387728897
614 0.8758669772515896 0.21111284182509357
615 0.8758319615548582 0.21109728053054158
616 0.8757970096527595 0.21108174988559245
617 0.8757621213268235 0.21106624978270738
618 0.8757272963596441 0.2110507801148464
619 0.8756925345348691 0.2110353407754651
620 0.8756578356371971 0.21101993165851113
621 0.875623199452369 0.21100455265842227
622 0.8755886257671613 0.21098920367012217
623 0.8755541143693802 0.21097388458901892
624 0.8755196650478553 0.21095859531100053
625 0.8754852775924319 0.21094333573243326
626 0.8754509517939663 0.21092810575015805
627 0.8754166874443186 0.21091290526148804
628 0.8753824843363457 0.21089773416420546
629 0.8753483422638971 0.21088259235655937
630 0.8753142610218078 0.2108674797372624
631 0.8752802404058901 0.2108523962054879
632 0.8752462802129309 0.21083734166086804
633 0.875212380240685 0.21082231600349005
634 0.8751785402878658 0.2108073191338949
635 0.8751447601541441 0.21079235095307283
636 0.8751110396401388 0.2107774113624628
637 0.8750773785474136 0.21076250026394822
638 0.8750437766784686 0.21074761755985538
639 0.8750102338367363 0.21073276315295048
640 0.874976749826576 0.21071793694643753
641 0.874943324453268 0.21070313884395503
642 0.8749099575230065 0.21068836874957442
643 0.8748766488428961 0.21067362656779698
644 0.8748433982209451 0.2106589122035517
645 0.8748102054660604 0.2106442255621933
646 0.8747770703880429 0.21062956654949852
647 0.8747439927975803 0.21061493507166545
648 0.8747109725062423 0.2106003310353095
649 0.8746780093264774 0.21058575434746252
650 0.8746451030716047 0.21057120491556952
651 0.8746122535558101 0.21055668264748703
652 0.8745794605941417 0.21054218745148
653 0.8745467240025036 0.21052771923622057
654 0.8745140435976511 0.21051327791078506
655 0.8744814191971851 0.21049886338465224
656 0.8744488506195495 0.2104844755677008
657 0.8744163376840216 0.21047011437020705
658 0.8743838802107133 0.21045577970284363
659 0.8743514780205603 0.2104414714766759
660 0.8743191309353205 0.21042718960316112
661 0.8742868387775695 0.21041293399414593
662 0.8742546013706932 0.21039870456186402
663 0.874222418538886 0.21038450121893404
664 0.8741902901071432 0.2103703238783582
665 0.8741582159012596 0.21035617245351906
666 0.8741261957478216 0.21034204685817876
667 0.8740942294742042 0.21032794700647614
668 0.8740623169085676 0.2103138728129249
669 0.8740304578798496 0.21029982419241192
670 0.8739986522177631 0.2102858010601951
671 0.8739668997527923 0.2102718033319013
672 0.8739352003161868 0.21025783092352437
673 0.8739035537399565 0.21024388375142355
674 0.8738719598568695 0.21022996173232145
675 0.8738404185004466 0.21021606478330163
676 0.873808929504957 0.21020219282180758
677 0.8737774927054127 0.21018834576564016
678 0.8737461079375674 0.21017452353295593
679 0.8737147750379084 0.2101607260422658
680 0.8736834938436557 0.2101469532124319
681 0.8736522641927565 0.2101332049626675
682 0.8736210859238805 0.21011948121253402
683 0.8735899588764168 0.21010578188193949
684 0.8735588828904685 0.2100921068911366
685 0.8735278578068512 0.21007845616072146
686 0.8734968834670848 0.2100648296116316
687 0.8734659597133947 0.2100512271651437
688 0.8734350863887033 0.2100376487428728
689 0.8734042633366285 0.2100240942667701
690 0.8733734904014793 0.21001056365912082
691 0.8733427674282515 0.2099970568425432
692 0.8733120942626245 0.2099835737399866
693 0.8732814707509569 0.20997011427472975
694 0.8732508967402822 0.20995667837037874
695 0.8732203720783074 0.2099432659508665
696 0.8731898966134064 0.20992987694044987
697 0.8731594701946175 0.20991651126370814
698 0.8731290926716402 0.20990316884554266
699 0.873098763894831 0.2098898496111739
700 0.8730684837151983 0.2098765534861401
701 0.8730382519844027 0.2098632803962961
702 0.8730080685547483 0.2098500302678119
703 0.8729779332791842 0.20983680302717023
704 0.8729478460112969 0.20982359860116562
705 0.8729178066053089 0.2098104169169029
706 0.8728878149160746 0.2097972579017955
707 0.8728578707990772 0.20978412148356348
708 0.8728279741104245 0.20977100759023296
709 0.8727981247068471 0.20975791615013417
710 0.8727683224456917 0.20974484709189953
711 0.8727385671849223 0.20973180034446254
712 0.8727088587831116 0.2097187758370564
713 0.8726791970994439 0.20970577349921266
714 0.8726495819937052 0.2096927932607588
715 0.8726200133262852 0.2096798350518182
716 0.8725904909581708 0.20966689880280762
717 0.872561014750944 0.2096539844444363
718 0.8725315845667789 0.2096410919077039
719 0.8725022002684389 0.20962822112390045
720 0.8724728617192709 0.20961537202460323
721 0.8724435687832057 0.2096025445416761
722 0.8724143213247526 0.20958973860726882
723 0.8723851192089978 0.20957695415381447
724 0.8723559623015983 0.20956419111402907
725 0.872326850468784 0.20955144942090909
726 0.8722977835773484 0.20953872900773138
727 0.8722687614946512 0.20952602980805096
728 0.8722397840886114 0.20951335175569996
729 0.8722108512277058 0.20950069478478595
730 0.872181962780967 0.20948805882969135
731 0.8721531186179781 0.20947544382507133
732 0.8721243186088714 0.20946284970585308
733 0.8720955626243264 0.20945027640723368
734 0.8720668505355634 0.20943772386468001
735 0.8720381822143444 0.20942519201392648
736 0.872009557532968 0.2094126807909742
737 0.871980976364268 0.20940019013208938
738 0.8719524385816083 0.20938771997380248
739 0.8719239440588833 0.20937527025290667
740 0.871895492670512 0.20936284090645657
741 0.8718670842914377 0.20935043187176705
742 0.8718387187971236 0.20933804308641174
743 0.8718103960635502 0.20932567448822276
744 0.8717821159672142 0.20931332601528813
745 0.8717538783851233 0.20930099760595144
746 0.8717256831947959 0.2092886891988105
747 0.8716975302742568 0.20927640073271597
748 0.8716694195020347 0.20926413214676992
749 0.8716413507571609 0.20925188338032552
750 0.8716133239191651 0.20923965437298475
751 0.8715853388680737 0.2092274450645979
752 0.8715573954844068 0.20921525539526253
753 0.871529493649175 0.20920308530532156
754 0.8715016332438801 0.20919093473536293
755 0.8714738141505074 0.20917880362621774
756 0.8714460362515272 0.2091666919189596
757 0.8714182994298905 0.20915459955490348
758 0.8713906035690272 0.209142526475604
759 0.8713629485528439 0.20913047262285522
760 0.87133533426572 0.20911843793868856
761 0.8713077605925068 0.20910642236537236
762 0.8712802274185237 0.2090944258454107
763 0.8712527346295585 0.20908244832154152
764 0.8712252821118611 0.20907048973673695
765 0.8711978697521431 0.20905855003420068
766 0.8711704974375768 0.20904662915736796
767 0.8711431650557909 0.20903472704990428
768 0.8711158724948682 0.20902284365570373
769 0.8710886196433438 0.20901097891888856
770 0.8710614063902041 0.20899913278380794
771 0.8710342326248812 0.20898730519503697
772 0.8710070982372544 0.20897549609737537
773 0.8709800031176451 0.20896370543584625
774 0.8709529471568161 0.20895193315569616
775 0.8709259302459682 0.20894017920239283
776 0.8708989522767394 0.20892844352162457
777 0.8708720131412014 0.20891672605929923
778 0.8708451127318584 0.20890502676154346
779 0.8708182509416439 0.20889334557470138
780 0.8707914276639193 0.20888168244533348
781 0.8707646427924713 0.2088700373202158
782 0.8707378962215104 0.20885841014633905
783 0.8707111878456679 0.20884680087090762
784 0.8706845175599943 0.20883520944133757
785 0.8706578852599571 0.20882363580525767
786 0.8706312908414388 0.2088120799105065
787 0.8706047342007344 0.20880054170513235
788 0.8705782152345498 0.2087890211373922
789 0.8705517338400003 0.20877751815575096
790 0.8705252899146066 0.2087660327088798
791 0.8704988833562942 0.20875456474565562
792 0.8704725140633923 0.20874311421516029
793 0.8704461819346289 0.20873168106667964
794 0.8704198868691332 0.20872026524970205
795 0.8703936287664277 0.2087088667139182
796 0.8703674075264324 0.20869748540921962
797 0.8703412230494585 0.20868612128569777
798 0.8703150752362072 0.20867477429364356
799 0.8702889639877709 0.20866344438354614
800 0.8702628892056266 0.2086521315060917
801 0.8702368507916369 0.20864083561216318
802 0.8702108486480482 0.2086295566528391
803 0.8701848826774868 0.2086182945793921
804 0.8701589527829592 0.20860704934328922
805 0.8701330588678488 0.20859582089618967
806 0.8701072008359141 0.20858460918994545
807 0.8700813785912881 0.2085734141765987
808 0.8700555920384762 0.20856223580838246
809 0.8700298410823517 0.20855107403771855
810 0.8700041256281579 0.20853992881721764
811 0.869978445581504 0.20852880009967817
812 0.8699528008483641 0.20851768783808466
813 0.8699271913350738 0.2085065919856078
814 0.8699016169483317 0.20849551249560352
815 0.8698760775951937 0.20848444932161164
816 0.8698505731830746 0.20847340241735554
817 0.8698251036197447 0.2084623717367407
818 0.8697996688133277 0.20845135723385483
819 0.8697742686723006 0.20844035886296597
820 0.86974890310549 0.2084293765785224
821 0.8697235720220726 0.2084184103351513
822 0.8696982753315714 0.2084074600876587
823 0.8696730129438547 0.2083965257910278
824 0.869647784769135 0.20838560740041862
825 0.8696225907179679 0.2083747048711668
826 0.8695974307012484 0.2083638181587838
827 0.8695723046302103 0.20835294721895464
828 0.8695472124164256 0.20834209200753862
829 0.8695221539718011 0.20833125248056694
830 0.8694971292085778 0.20832042859424343
831 0.8694721380393298 0.2083096203049428
832 0.8694471803769607 0.2082988275692104
833 0.8694222561347044 0.20828805034376047
834 0.8693973652261222 0.208277288585477
835 0.8693725075651006 0.20826654225141145
836 0.8693476830658523 0.2082558112987829
837 0.8693228916429119 0.20824509568497684
838 0.8692981332111342 0.20823439536754423
839 0.8692734076856967 0.208223710304202
840 0.8692487149820936 0.20821304045283034
841 0.8692240550161348 0.20820238577147349
842 0.8691994277039475 0.20819174621833852
843 0.8691748329619721 0.2081811217517943
844 0.8691502707069612 0.20817051233037115
845 0.8691257408559779 0.20815991791276017
846 0.8691012433263953 0.20814933845781203
847 0.8690767780358934 0.2081387739245369
848 0.8690523449024602 0.2081282242721027
849 0.8690279438443869 0.2081176894598359
850 0.8690035747802696 0.2081071694472192
851 0.8689792376290059 0.20809666419389225
852 0.868954932309795 0.20808617365964988
853 0.8689306587421334 0.20807569780444188
854 0.8689064168458167 0.208065236588372
855 0.8688822065409376 0.20805478997169782
856 0.8688580277478823 0.20804435791482984
857 0.8688338803873323 0.20803394037832962
858 0.8688097643802603 0.20802353732291137
859 0.8687856796479294 0.20801314870943952
860 0.8687616261118942 0.20800277449892843
861 0.8687376036939951 0.2079924146525415
862 0.8687136123163612 0.2079820691315916
863 0.8686896519014066 0.2079717378975395
864 0.8686657223718294 0.20796142091199268
865 0.8686418236506102 0.20795111813670586
866 0.8686179556610113 0.2079408295335794
867 0.8685941183265753 0.20793055506465952
868 0.868570311571125 0.20792029469213694
869 0.8685465353187581 0.2079100483783459
870 0.8685227894938509 0.2078998160857652
871 0.8684990740210538 0.20788959777701538
872 0.8684753888252911 0.20787939341485945
873 0.8684517338317591 0.20786920296220213
874 0.8684281089659265 0.20785902638208886
875 0.8684045141535308 0.20784886363770505
876 0.8683809493205789 0.20783871469237603
877 0.8683574143933442 0.20782857950956599
878 0.8683339092983681 0.2078184580528774
879 0.8683104339624553 0.2078083502860506
880 0.8682869883126757 0.207798256172963
881 0.8682635722763604 0.2077881756776283
882 0.8682401857811028 0.2077781087641963
883 0.8682168287547565 0.20776805539695192
884 0.8681935011254331 0.20775801554031495
885 0.8681702028215029 0.20774798915883907
886 0.8681469337715929 0.20773797621721146
887 0.8681236939045849 0.20772797668025209
888 0.8681004831496154 0.2077179905129134
889 0.8680773014360736 0.20770801768027952
890 0.868054148693601 0.2076980581475652
891 0.8680310248520903 0.2076881118801165
892 0.8680079298416824 0.20767817884340858
893 0.8679848635927678 0.20766825900304664
894 0.8679618260359849 0.20765835232476382
895 0.8679388171022168 0.2076484587744224
896 0.8679158367225932 0.20763857831801164
897 0.8678928848284863 0.20762871092164814
898 0.8678699613515132 0.20761885655157492
899 0.8678470662235309 0.20760901517416072
900 0.8678241993766382 0.20759918675589994
901 0.8678013607431734 0.20758937126341168
902 0.8677785502557128 0.20757956866343902
903 0.8677557678470708 0.20756977892284922
904 0.8677330134502974 0.20756000200863226
905 0.8677102869986791 0.2075502378879009
906 0.8676875884257353 0.2075404865278902
907 0.8676649176652197 0.20753074789595602
908 0.8676422746511177 0.2075210219595759
909 0.8676196593176458 0.20751130868634746
910 0.8675970715992504 0.20750160804398834
911 0.8675745114306082 0.2074919200003355
912 0.8675519787466213 0.20748224452334457
913 0.8675294734824214 0.20747258158108975
914 0.8675069955733642 0.207462931141763
915 0.8674845449550325 0.20745329317367323
916 0.8674621215632313 0.20744366764524658
917 0.8674397253339888 0.20743405452502486
918 0.8674173562035554 0.20742445378166618
919 0.867395014108403 0.2074148653839433
920 0.8673726989852227 0.2074052893007439
921 0.8673504107709252 0.20739572550106994
922 0.8673281494026386 0.20738617395403697
923 0.8673059148177087 0.20737663462887365
924 0.8672837069536969 0.20736710749492115
925 0.8672615257483799 0.20735759252163347
926 0.8672393711397485 0.20734808967857554
927 0.8672172430660079 0.20733859893542375
928 0.8671951414655735 0.20732912026196515
929 0.8671730662770731 0.2073196536280972
930 0.8671510174393452 0.2073101990038269
931 0.8671289948914377 0.2073007563592706
932 0.8671069985726069 0.20729132566465308
933 0.8670850284223166 0.20728190689030773
934 0.8670630843802372 0.2072725000066756
935 0.8670411663862455 0.2072631049843052
936 0.867019274380423 0.20725372179385174
937 0.866997408303055 0.20724435040607694
938 0.86697556809463 0.20723499079184804
939 0.8669537536958393 0.20722564292213844
940 0.8669319650475735 0.20721630676802585
941 0.8669102020909271 0.207206982300693
942 0.8668884647671913 0.20719766949142623
943 0.8668667530178571 0.2071883683116159
944 0.8668450667846133 0.2071790787327551
945 0.8668234060093455 0.20716980072644026
946 0.8668017706341357 0.20716053426436926
947 0.8667801606012611 0.2071512793183424
948 0.8667585758531929 0.20714203586026103
949 0.8667370163325967 0.20713280386212743
950 0.86671548198233 0.20712358329604452
951 0.8666939727454424 0.207114374134215
952 0.8666724885651746 0.2071051763489415
953 0.8666510293849586 0.20709598991262546
954 0.8666295951484135 0.2070868147977673
955 0.8666081857993492 0.2070776509769654
956 0.8665868012817622 0.20706849842291647
957 0.8665654415398363 0.20705935710841417
958 0.8665441065179416 0.20705022700634956
959 0.8665227961606329 0.20704110808971016
960 0.8665015104126502 0.20703200033157942
961 0.8664802492189175 0.20702290370513693
962 0.8664590125245408 0.20701381818365733
963 0.8664378002748095 0.20700474374051014
964 0.8664166124151931 0.20699568034915974
965 0.8663954488913423 0.2069866279831639
966 0.8663743096490879 0.20697758661617496
967 0.8663531946344396 0.206968556221938
968 0.8663321037935852 0.20695953677429088
969 0.8663110370728903 0.20695052824716406
970 0.8662899944188969 0.2069415306145802
971 0.8662689757783238 0.2069325438506534
972 0.8662479810980643 0.20692356792958927
973 0.8662270103251868 0.20691460282568402
974 0.8662060634069332 0.20690564851332424
975 0.8661851402907179 0.20689670496698714
976 0.8661642409241284 0.20688777216123913
977 0.8661433652549236 0.206878850070736
978 0.8661225132310332 0.20686993867022258
979 0.866101684800557 0.20686103793453214
980 0.8660808799117644 0.20685214783858602
981 0.8660600985130926 0.20684326835739342
982 0.8660393405531485 0.20683439946605106
983 0.8660186059807042 0.20682554113974247
984 0.8659978947447002 0.20681669335373765
985 0.8659772067942414 0.2068078560833933
986 0.8659565420785986 0.20679902930415156
987 0.8659359005472071 0.2067902129915404
988 0.8659152821496656 0.2067814071211728
989 0.8658946868357364 0.20677261166874628
990 0.8658741145553434 0.2067638266100434
991 0.8658535652585723 0.20675505192093002
992 0.865833038895671 0.2067462875773561
993 0.865812535417046 0.2067375335553551
994 0.8657920547732653 0.20672878983104298
995 0.8657715969150541 0.2067200563806185
996 0.8657511617932976 0.20671133318036278
997 0.8657307493590374 0.20670262020663888
998 0.8657103595634725 0.20669391743589097
999 0.8656899923579583 0.20668522484464505
